<?xml version="1.0" encoding="UTF-8"?>
<testng-results skipped="0" failed="0" ignored="0" total="1" passed="1">
  <reporter-output>
  </reporter-output>
  <suite name="Default suite" duration-ms="4368" started-at="2023-02-27T23:45:50 EST" finished-at="2023-02-27T23:45:55 EST">
    <groups>
    </groups>
    <test name="Default test" duration-ms="4368" started-at="2023-02-27T23:45:50 EST" finished-at="2023-02-27T23:45:55 EST">
      <class name="pageobject.Execute">
        <test-method status="PASS" signature="Execute()[pri:0, instance:pageobject.Execute@467aecef]" name="Execute" duration-ms="4340" started-at="2023-02-27T23:45:50 EST" finished-at="2023-02-27T23:45:55 EST">
          <reporter-output>
          </reporter-output>
        </test-method> <!-- Execute -->
      </class> <!-- pageobject.Execute -->
    </test> <!-- Default test -->
  </suite> <!-- Default suite -->
</testng-results>
