<?xml version="1.0" encoding="UTF-8"?>
<!-- Generated by org.testng.reporters.JUnitXMLReporter -->
<testsuite hostname="chintu_pandu" ignored="4" name="testcases1" tests="4" failures="0" timestamp="2022-12-24T23:37:54 EST" time="0.042" errors="0">
  <testcase name="apple1" time="0.007" classname="testNG.Groupingexample"/>
  <testcase name="apple2" time="0.001" classname="testNG.Groupingexample"/>
  <testcase name="lenovo1" time="0.001" classname="testNG.Groupingexample"/>
  <testcase name="lenovo2" time="0.001" classname="testNG.Groupingexample"/>
  <testcase name="vivo1" time="0.0" classname="testNG.Groupingexample">
    <ignored/>
  </testcase> <!-- vivo1 -->
  <testcase name="vivo2" time="0.0" classname="testNG.Groupingexample">
    <ignored/>
  </testcase> <!-- vivo2 -->
  <testcase name="moto2" time="0.0" classname="testNG.Groupingexample">
    <ignored/>
  </testcase> <!-- moto2 -->
  <testcase name="moto1" time="0.0" classname="testNG.Groupingexample">
    <ignored/>
  </testcase> <!-- moto1 -->
</testsuite> <!-- testcases1 -->
