<?xml version="1.0" encoding="UTF-8"?>
<!-- Generated by org.testng.reporters.JUnitXMLReporter -->
<testsuite hostname="chintu_pandu" ignored="1" name="testcases" tests="12" failures="0" timestamp="2022-12-21T23:34:48 EST" time="16.115" errors="0">
  <testcase name="Startacar" time="0.009" classname="testNG.driveacar"/>
  <testcase name="putin1stgear" time="0.001" classname="testNG.driveacar"/>
  <testcase name="putin2ndgear" time="0.002" classname="testNG.driveacar"/>
  <testcase name="putin3rdgear" time="0.002" classname="testNG.driveacar"/>
  <testcase name="putin4thtgear" time="0.002" classname="testNG.driveacar"/>
  <testcase name="openbing" time="0.302" classname="testNG.TESTSUITE"/>
  <testcase name="opengoogle" time="8.942" classname="testNG.TESTSUITE"/>
  <testcase name="openyahoo" time="6.761" classname="testNG.TESTSUITE"/>
  <testcase name="Startacar" time="0.001" classname="testNG.Skipacase"/>
  <testcase name="putin1stgear" time="0.002" classname="testNG.Skipacase"/>
  <testcase name="putin3rdgear" time="0.001" classname="testNG.Skipacase"/>
  <testcase name="putin4thtgear" time="0.002" classname="testNG.Skipacase"/>
  <testcase name="putin2ndgear" time="0.0" classname="testNG.Skipacase">
    <ignored/>
  </testcase> <!-- putin2ndgear -->
</testsuite> <!-- testcases -->
